{
  "RSpec": {
    "coverage": {
      "/home/ec2-user/environment/rottenpotatoes-rails-intro/app/helpers/application_helper.rb": {
        "lines": [
          1,
          null
        ]
      },
      "/home/ec2-user/environment/rottenpotatoes-rails-intro/app/helpers/movies_helper.rb": {
        "lines": [
          1,
          null,
          1,
          0,
          null,
          null
        ]
      },
      "/home/ec2-user/environment/rottenpotatoes-rails-intro/app/controllers/movies_controller.rb": {
        "lines": [
          1,
          null,
          1,
          2,
          2,
          null,
          null,
          null,
          1,
          null,
          null,
          null,
          5,
          5,
          null,
          null,
          null,
          5,
          5,
          null,
          null,
          5,
          null,
          5,
          null,
          0,
          0,
          null,
          0,
          null,
          5,
          null,
          null,
          null,
          5,
          null,
          5,
          1,
          1,
          null,
          null,
          null,
          5,
          5,
          null,
          null,
          null,
          null,
          5,
          3,
          3,
          null,
          1,
          1,
          null,
          1,
          1,
          null,
          null,
          null,
          null,
          null,
          1,
          null,
          null,
          null,
          1,
          2,
          2,
          2,
          null,
          null,
          1,
          2,
          null,
          null,
          1,
          2,
          2,
          2,
          2,
          null,
          null,
          1,
          2,
          2,
          2,
          2,
          null,
          null,
          1,
          3,
          3,
          2,
          2,
          null,
          3,
          null,
          null,
          1,
          null,
          null,
          1,
          4,
          null,
          null
        ]
      },
      "/home/ec2-user/environment/rottenpotatoes-rails-intro/app/controllers/application_controller.rb": {
        "lines": [
          1,
          null,
          null,
          1,
          null
        ]
      },
      "/home/ec2-user/environment/rottenpotatoes-rails-intro/app/models/movie.rb": {
        "lines": [
          1,
          1,
          null,
          null,
          6,
          null,
          null,
          1,
          null,
          null,
          null,
          7,
          5,
          null,
          null,
          2,
          null,
          null,
          1,
          4,
          4,
          3,
          null,
          null
        ]
      }
    },
    "timestamp": 1615425872
  }
}
